<?xml version="1.0" encoding="UTF-8"?>
<!-- Generated by org.testng.reporters.JUnitXMLReporter -->
<testsuite ignored="0" hostname="ATMECSINLT-083" failures="0" tests="4" name="Default test" time="73.37" errors="0" timestamp="24 Sep 2019 08:46:59 GMT">
  <testcase classname="com.yatra.testscripts.BusBooking" name="searchingBus" time="25.311"/>
  <testcase classname="com.yatra.testscripts.BusBooking" name="selectingBus" time="3.887"/>
  <testcase classname="com.yatra.testscripts.BusBooking" name="bookingBus" time="6.775"/>
  <testcase classname="com.yatra.testscripts.BusBooking" name="signing" time="18.101"/>
</testsuite> <!-- Default test -->
