<?xml version="1.0" encoding="UTF-8"?>
<!-- Generated by org.testng.reporters.JUnitXMLReporter -->
<testsuite ignored="0" hostname="ATMECSINLT-083" failures="0" tests="5" name="Default test" time="4788.014" errors="0" timestamp="23 Sep 2019 15:54:16 GMT">
  <testcase classname="com.yatra.testscripts.BusBooking" name="searchingBus" time="33.301"/>
  <testcase classname="com.yatra.testscripts.BusBooking" name="selectingBus" time="7.865"/>
  <testcase classname="com.yatra.testscripts.BusBooking" name="bookingBus" time="13.074"/>
  <testcase classname="com.yatra.testscripts.BusBooking" name="signing" time="4708.037"/>
  <testcase classname="com.yatra.testscripts.BusBooking" name="fillingTravellerDetails" time="0.0">
    <skipped/>
  </testcase> <!-- fillingTravellerDetails -->
</testsuite> <!-- Default test -->
