<?xml version="1.0" encoding="UTF-8"?>
<!-- Generated by org.testng.reporters.JUnitXMLReporter -->
<testsuite ignored="0" hostname="ATMECSINLT-083" failures="1" tests="1" name="Test4" time="0.011" errors="0" timestamp="23 Sep 2019 07:08:20 GMT">
  <testcase classname="com.yatra.testscripts.FillPassengerDetails" name="fillingTravellerDetails" time="0.0">
    <failure type="org.testng.TestNGException" message="
Method public void com.yatra.testscripts.FillPassengerDetails.fillingTravellerDetails(java.lang.String,java.lang.String,java.lang.String) throws java.lang.Exception requires a @DataProvider named : testdata1 in class com.yatra.utils.TestDataProviders">
      <![CDATA[org.testng.TestNGException: 
Method public void com.yatra.testscripts.FillPassengerDetails.fillingTravellerDetails(java.lang.String,java.lang.String,java.lang.String) throws java.lang.Exception requires a @DataProvider named : testdata1 in class com.yatra.utils.TestDataProviders
... Removed 22 stack frames]]>
    </failure>
  </testcase> <!-- fillingTravellerDetails -->
</testsuite> <!-- Test4 -->
