<?xml version="1.0" encoding="UTF-8"?>
<!-- Generated by org.testng.reporters.JUnitXMLReporter -->
<testsuite ignored="0" hostname="ATMECSINLT-083" failures="1" tests="1" name="Test2" time="17.313" errors="0" timestamp="23 Sep 2019 07:08:19 GMT">
  <testcase classname="com.yatra.testscripts.BookaBus" name="bookingBus" time="0.003">
    <failure type="java.lang.NullPointerException">
      <![CDATA[java.lang.NullPointerException
at com.yatra.testscripts.BookaBus.bookingBus(BookaBus.java:20)
... Removed 25 stack frames]]>
    </failure>
  </testcase> <!-- bookingBus -->
</testsuite> <!-- Test2 -->
