<?xml version="1.0" encoding="UTF-8"?>
<!-- Generated by org.testng.reporters.JUnitXMLReporter -->
<testsuite ignored="0" hostname="ATMECSINLT-083" failures="0" tests="5" name="Test" time="97.377" errors="0" timestamp="23 Sep 2019 16:25:11 GMT">
  <testcase classname="com.yatra.testscripts.BusBooking" name="searchingBus" time="28.682"/>
  <testcase classname="com.yatra.testscripts.BusBooking" name="selectingBus" time="19.175"/>
  <testcase classname="com.yatra.testscripts.BusBooking" name="bookingBus" time="6.155"/>
  <testcase classname="com.yatra.testscripts.BusBooking" name="signing" time="23.825"/>
  <testcase classname="com.yatra.testscripts.BusBooking" name="fillingTravellerDetails" time="0.0">
    <skipped/>
  </testcase> <!-- fillingTravellerDetails -->
</testsuite> <!-- Test -->
