<?xml version="1.0" encoding="UTF-8"?>
<!-- Generated by org.testng.reporters.JUnitXMLReporter -->
<testsuite ignored="8" hostname="ATMECSINLT-083" failures="3" tests="5" name="Test" time="48.454" errors="0" timestamp="23 Sep 2019 08:26:49 GMT">
  <testcase classname="com.yatra.testscripts.SearchForBus" name="searchingBus" time="25.583"/>
  <testcase classname="com.yatra.testscripts.SelectBus" name="selectingBus" time="0.0">
    <failure type="java.lang.NullPointerException">
      <![CDATA[java.lang.NullPointerException
at com.yatra.testscripts.SelectBus.selectingBus(SelectBus.java:20)
... Removed 29 stack frames]]>
    </failure>
  </testcase> <!-- selectingBus -->
  <testcase classname="com.yatra.testscripts.BookaBus" name="bookingBus" time="0.0">
    <failure type="java.lang.NullPointerException">
      <![CDATA[java.lang.NullPointerException
at com.yatra.testscripts.BookaBus.bookingBus(BookaBus.java:20)
... Removed 29 stack frames]]>
    </failure>
  </testcase> <!-- bookingBus -->
  <testcase classname="com.yatra.testscripts.SignintoBookBus" name="signingToBookTicket" time="0.0">
    <skipped/>
  </testcase> <!-- signingToBookTicket -->
  <testcase classname="com.yatra.testscripts.FillPassengerDetails" name="fillingTravellerDetails" time="0.0">
    <failure type="org.testng.TestNGException" message="
Method public void com.yatra.testscripts.FillPassengerDetails.fillingTravellerDetails(java.lang.String,java.lang.String,java.lang.String) throws java.lang.Exception requires a @DataProvider named : testdata1 in class com.yatra.utils.TestDataProviders">
      <![CDATA[org.testng.TestNGException: 
Method public void com.yatra.testscripts.FillPassengerDetails.fillingTravellerDetails(java.lang.String,java.lang.String,java.lang.String) throws java.lang.Exception requires a @DataProvider named : testdata1 in class com.yatra.utils.TestDataProviders
... Removed 26 stack frames]]>
    </failure>
  </testcase> <!-- fillingTravellerDetails -->
  <testcase classname="com.yatra.testbase.TestBase" name="@BeforeTest initializeBrowser" time="0.0">
    <ignored/>
  </testcase> <!-- @BeforeTest initializeBrowser -->
  <testcase classname="com.yatra.testbase.TestBase" name="@BeforeTest initializeBrowser" time="0.0">
    <ignored/>
  </testcase> <!-- @BeforeTest initializeBrowser -->
  <testcase classname="com.yatra.testbase.TestBase" name="@BeforeTest initializeBrowser" time="0.0">
    <ignored/>
  </testcase> <!-- @BeforeTest initializeBrowser -->
  <testcase classname="com.yatra.testbase.TestBase" name="@BeforeTest initializeBrowser" time="0.0">
    <ignored/>
  </testcase> <!-- @BeforeTest initializeBrowser -->
  <testcase classname="com.yatra.testbase.TestBase" name="@AfterSuite closeBrowser" time="0.0">
    <ignored/>
  </testcase> <!-- @AfterSuite closeBrowser -->
  <testcase classname="com.yatra.testbase.TestBase" name="@AfterSuite closeBrowser" time="0.0">
    <ignored/>
  </testcase> <!-- @AfterSuite closeBrowser -->
  <testcase classname="com.yatra.testbase.TestBase" name="@AfterSuite closeBrowser" time="0.0">
    <ignored/>
  </testcase> <!-- @AfterSuite closeBrowser -->
  <testcase classname="com.yatra.testbase.TestBase" name="@AfterSuite closeBrowser" time="0.0">
    <ignored/>
  </testcase> <!-- @AfterSuite closeBrowser -->
</testsuite> <!-- Test -->
