<?xml version="1.0" encoding="UTF-8"?>
<testng-results ignored="0" total="5" passed="4" failed="0" skipped="1">
  <reporter-output>
  </reporter-output>
  <suite started-at="2019-09-23T14:34:28Z" name="Default suite" finished-at="2019-09-23T15:54:16Z" duration-ms="4788014">
    <groups>
    </groups>
    <test started-at="2019-09-23T14:34:28Z" name="Default test" finished-at="2019-09-23T15:54:16Z" duration-ms="4788014">
      <class name="com.yatra.testscripts.BusBooking">
        <test-method is-config="true" signature="initializeBrowser()[pri:0, instance:com.yatra.testscripts.BusBooking@5119fb47]" started-at="2019-09-23T14:34:28Z" name="initializeBrowser" finished-at="2019-09-23T14:34:48Z" duration-ms="19348" status="PASS">
          <reporter-output>
          </reporter-output>
        </test-method> <!-- initializeBrowser -->
        <test-method signature="searchingBus()[pri:1, instance:com.yatra.testscripts.BusBooking@5119fb47]" started-at="2019-09-23T14:34:48Z" name="searchingBus" finished-at="2019-09-23T14:35:21Z" duration-ms="33301" status="PASS">
          <reporter-output>
          </reporter-output>
        </test-method> <!-- searchingBus -->
        <test-method signature="selectingBus()[pri:2, instance:com.yatra.testscripts.BusBooking@5119fb47]" started-at="2019-09-23T14:35:21Z" name="selectingBus" finished-at="2019-09-23T14:35:29Z" duration-ms="7865" status="PASS">
          <reporter-output>
          </reporter-output>
        </test-method> <!-- selectingBus -->
        <test-method signature="bookingBus()[pri:3, instance:com.yatra.testscripts.BusBooking@5119fb47]" started-at="2019-09-23T14:35:29Z" name="bookingBus" finished-at="2019-09-23T14:35:42Z" duration-ms="13074" status="PASS">
          <reporter-output>
          </reporter-output>
        </test-method> <!-- bookingBus -->
        <test-method signature="signing(java.lang.String, java.lang.String)[pri:4, instance:com.yatra.testscripts.BusBooking@5119fb47]" started-at="2019-09-23T14:35:48Z" name="signing" data-provider="testdata" finished-at="2019-09-23T15:54:16Z" duration-ms="4708037" status="PASS">
          <params>
            <param index="0">
              <value>
                <![CDATA[saianusha.p7@gmail.com]]>
              </value>
            </param>
            <param index="1">
              <value>
                <![CDATA[6301657207]]>
              </value>
            </param>
          </params>
          <reporter-output>
          </reporter-output>
        </test-method> <!-- signing -->
        <test-method signature="fillingTravellerDetails(java.lang.String, java.lang.String, java.lang.String)[pri:5, instance:com.yatra.testscripts.BusBooking@5119fb47]" started-at="2019-09-23T15:54:16Z" name="fillingTravellerDetails" data-provider="testdata1" finished-at="2019-09-23T15:54:16Z" duration-ms="0" status="SKIP">
          <exception class="java.lang.RuntimeException">
            <message>
              <![CDATA[java.lang.NullPointerException]]>
            </message>
            <full-stacktrace>
              <![CDATA[java.lang.RuntimeException: java.lang.NullPointerException
at org.testng.internal.MethodInvocationHelper.invokeMethodNoCheckedException(MethodInvocationHelper.java:49)
at org.testng.internal.MethodInvocationHelper.invokeDataProvider(MethodInvocationHelper.java:131)
at org.testng.internal.Parameters.handleParameters(Parameters.java:706)
at org.testng.internal.ParameterHandler.handleParameters(ParameterHandler.java:49)
at org.testng.internal.ParameterHandler.createParameters(ParameterHandler.java:37)
at org.testng.internal.Invoker.invokeTestMethods(Invoker.java:924)
at org.testng.internal.TestMethodWorker.invokeTestMethods(TestMethodWorker.java:125)
at org.testng.internal.TestMethodWorker.run(TestMethodWorker.java:109)
at org.testng.TestRunner.privateRun(TestRunner.java:648)
at org.testng.TestRunner.run(TestRunner.java:505)
at org.testng.SuiteRunner.runTest(SuiteRunner.java:455)
at org.testng.SuiteRunner.runSequentially(SuiteRunner.java:450)
at org.testng.SuiteRunner.privateRun(SuiteRunner.java:415)
at org.testng.SuiteRunner.run(SuiteRunner.java:364)
at org.testng.SuiteRunnerWorker.runSuite(SuiteRunnerWorker.java:52)
at org.testng.SuiteRunnerWorker.run(SuiteRunnerWorker.java:84)
at org.testng.TestNG.runSuitesSequentially(TestNG.java:1208)
at org.testng.TestNG.runSuitesLocally(TestNG.java:1137)
at org.testng.TestNG.runSuites(TestNG.java:1049)
at org.testng.TestNG.run(TestNG.java:1017)
at org.testng.remote.AbstractRemoteTestNG.run(AbstractRemoteTestNG.java:115)
at org.testng.remote.RemoteTestNG.initAndRun(RemoteTestNG.java:251)
at org.testng.remote.RemoteTestNG.main(RemoteTestNG.java:77)
Caused by: java.lang.NullPointerException
at com.yatra.utils.ReadExcelFile.getData(ReadExcelFile.java:31)
at com.yatra.utils.TestDataProvider.testData(TestDataProvider.java:22)
at java.base/jdk.internal.reflect.NativeMethodAccessorImpl.invoke0(Native Method)
at java.base/jdk.internal.reflect.NativeMethodAccessorImpl.invoke(NativeMethodAccessorImpl.java:62)
at java.base/jdk.internal.reflect.DelegatingMethodAccessorImpl.invoke(DelegatingMethodAccessorImpl.java:43)
at java.base/java.lang.reflect.Method.invoke(Method.java:567)
at org.testng.internal.MethodInvocationHelper.invokeMethod(MethodInvocationHelper.java:124)
at org.testng.internal.MethodInvocationHelper.invokeMethod(MethodInvocationHelper.java:74)
at org.testng.internal.MethodInvocationHelper.invokeMethodNoCheckedException(MethodInvocationHelper.java:45)
... 22 more
]]>
            </full-stacktrace>
          </exception> <!-- java.lang.RuntimeException -->
          <reporter-output>
          </reporter-output>
        </test-method> <!-- fillingTravellerDetails -->
        <test-method is-config="true" signature="closeBrowser()[pri:0, instance:com.yatra.testscripts.BusBooking@5119fb47]" started-at="2019-09-23T15:54:17Z" name="closeBrowser" finished-at="2019-09-23T15:54:18Z" duration-ms="1284" status="PASS">
          <reporter-output>
          </reporter-output>
        </test-method> <!-- closeBrowser -->
      </class> <!-- com.yatra.testscripts.BusBooking -->
    </test> <!-- Default test -->
  </suite> <!-- Default suite -->
</testng-results>
