<?xml version="1.0" encoding="UTF-8"?>
<testng-results ignored="0" total="4" passed="4" failed="0" skipped="0">
  <reporter-output>
  </reporter-output>
  <suite started-at="2019-09-24T08:45:46Z" name="Default suite" finished-at="2019-09-24T08:46:59Z" duration-ms="73370">
    <groups>
    </groups>
    <test started-at="2019-09-24T08:45:46Z" name="Default test" finished-at="2019-09-24T08:46:59Z" duration-ms="73370">
      <class name="com.yatra.testscripts.BusBooking">
        <test-method is-config="true" signature="initializeBrowser()[pri:0, instance:com.yatra.testscripts.BusBooking@1ea9f6af]" started-at="2019-09-24T08:45:46Z" name="initializeBrowser" finished-at="2019-09-24T08:46:03Z" duration-ms="17312" status="PASS">
          <reporter-output>
          </reporter-output>
        </test-method> <!-- initializeBrowser -->
        <test-method signature="searchingBus()[pri:1, instance:com.yatra.testscripts.BusBooking@1ea9f6af]" started-at="2019-09-24T08:46:03Z" name="searchingBus" finished-at="2019-09-24T08:46:28Z" duration-ms="25311" status="PASS">
          <reporter-output>
          </reporter-output>
        </test-method> <!-- searchingBus -->
        <test-method signature="selectingBus()[pri:2, instance:com.yatra.testscripts.BusBooking@1ea9f6af]" started-at="2019-09-24T08:46:28Z" name="selectingBus" finished-at="2019-09-24T08:46:32Z" duration-ms="3887" status="PASS">
          <reporter-output>
          </reporter-output>
        </test-method> <!-- selectingBus -->
        <test-method signature="bookingBus()[pri:3, instance:com.yatra.testscripts.BusBooking@1ea9f6af]" started-at="2019-09-24T08:46:32Z" name="bookingBus" finished-at="2019-09-24T08:46:39Z" duration-ms="6775" status="PASS">
          <reporter-output>
          </reporter-output>
        </test-method> <!-- bookingBus -->
        <test-method signature="signing(java.lang.String, java.lang.String, java.lang.String, java.lang.String, java.lang.String, java.lang.String, java.lang.String, java.lang.String, java.lang.String, java.lang.String, java.lang.String)[pri:4, instance:com.yatra.testscripts.BusBooking@1ea9f6af]" started-at="2019-09-24T08:46:41Z" name="signing" data-provider="testdata" finished-at="2019-09-24T08:46:59Z" duration-ms="18101" status="PASS">
          <params>
            <param index="0">
              <value>
                <![CDATA[saianusha.p7@gmail.com]]>
              </value>
            </param>
            <param index="1">
              <value>
                <![CDATA[6301657207]]>
              </value>
            </param>
            <param index="2">
              <value>
                <![CDATA[Mr]]>
              </value>
            </param>
            <param index="3">
              <value>
                <![CDATA[Bunny]]>
              </value>
            </param>
            <param index="4">
              <value>
                <![CDATA[18]]>
              </value>
            </param>
            <param index="5">
              <value>
                <![CDATA[Mr]]>
              </value>
            </param>
            <param index="6">
              <value>
                <![CDATA[Pavan]]>
              </value>
            </param>
            <param index="7">
              <value>
                <![CDATA[18]]>
              </value>
            </param>
            <param index="8">
              <value>
                <![CDATA[Mrs]]>
              </value>
            </param>
            <param index="9">
              <value>
                <![CDATA[Anu]]>
              </value>
            </param>
            <param index="10">
              <value>
                <![CDATA[22]]>
              </value>
            </param>
          </params>
          <reporter-output>
          </reporter-output>
        </test-method> <!-- signing -->
        <test-method is-config="true" signature="closeBrowser()[pri:0, instance:com.yatra.testscripts.BusBooking@1ea9f6af]" started-at="2019-09-24T08:46:59Z" name="closeBrowser" finished-at="2019-09-24T08:47:00Z" duration-ms="1073" status="PASS">
          <reporter-output>
          </reporter-output>
        </test-method> <!-- closeBrowser -->
      </class> <!-- com.yatra.testscripts.BusBooking -->
    </test> <!-- Default test -->
  </suite> <!-- Default suite -->
</testng-results>
